
==================================================

        New premium waitlist submission:
        
        Name: Nathan Strauss
        Email: nathanstrauss@gmail.com
        Company: Not provided
        
        Interested in:
        - Bespoke Analysis: No
        - Historical Data: No
        - Additional Sources: No
        - More Search Results: No
        - Consulting Services: No
        
        Message:
        No message provided
        
        Submitted at: 2025-03-12 08:03:04
        
SMS sent to: +1374211614
==================================================

==================================================

        New premium waitlist submission:
        
        Name: Timothy Hammond
        Email: thammond925@gmail.com
        Company: Not provided
        
        Interested in:
        - Bespoke Analysis: No
        - Historical Data: No
        - Additional Sources: No
        - More Search Results: No
        - Consulting Services: Yes
        
        Message:
        No message provided
        
        Submitted at: 2025-03-12 08:46:41
        
SMS sent to: +1374211614
==================================================
